This is pdfTeX, Version 3.141592653-2.6-1.40.22 (TeX Live 2022/dev/Debian) (preloaded format=pdflatex 2022.10.26)  13 FEB 2025 10:43
entering extended mode
 restricted \write18 enabled.
 %&-line parsing enabled.
**page_de_garde.tex
(./page_de_garde.tex
LaTeX2e <2021-11-15> patch level 1
L3 programming layer <2022-01-21>
! Undefined control sequence.
l.3 \newgeometry
                {left=2cm,right=2cm,top=3cm,bottom=3cm}
The control sequence at the end of the top line
of your error message was never \def'ed. If you have
misspelled it (e.g., `\hobx'), type `I' and the correct
spelling (e.g., `I\hbox'). Otherwise just continue,
and I'll forget about whatever was undefined.


! LaTeX Error: Missing \begin{document}.

See the LaTeX manual or LaTeX Companion for explanation.
Type  H <return>  for immediate help.
 ...                                              
                                                  
l.3 \newgeometry{l
                  eft=2cm,right=2cm,top=3cm,bottom=3cm}
You're in trouble here.  Try typing  <return>  to proceed.
If that doesn't work, type  X <return>  to quit.

Missing character: There is no l in font nullfont!
Missing character: There is no e in font nullfont!
Missing character: There is no f in font nullfont!
Missing character: There is no t in font nullfont!
Missing character: There is no = in font nullfont!
Missing character: There is no 2 in font nullfont!
Missing character: There is no c in font nullfont!
Missing character: There is no m in font nullfont!
Missing character: There is no , in font nullfont!
Missing character: There is no r in font nullfont!
Missing character: There is no i in font nullfont!
Missing character: There is no g in font nullfont!
Missing character: There is no h in font nullfont!
Missing character: There is no t in font nullfont!
Missing character: There is no = in font nullfont!
Missing character: There is no 2 in font nullfont!
Missing character: There is no c in font nullfont!
Missing character: There is no m in font nullfont!
Missing character: There is no , in font nullfont!
Missing character: There is no t in font nullfont!
Missing character: There is no o in font nullfont!
Missing character: There is no p in font nullfont!
Missing character: There is no = in font nullfont!
Missing character: There is no 3 in font nullfont!
Missing character: There is no c in font nullfont!
Missing character: There is no m in font nullfont!
Missing character: There is no , in font nullfont!
Missing character: There is no b in font nullfont!
Missing character: There is no o in font nullfont!
Missing character: There is no t in font nullfont!
Missing character: There is no t in font nullfont!
Missing character: There is no o in font nullfont!
Missing character: There is no m in font nullfont!
Missing character: There is no = in font nullfont!
Missing character: There is no 3 in font nullfont!
Missing character: There is no c in font nullfont!
Missing character: There is no m in font nullfont!

Overfull \hbox (20.0pt too wide) in paragraph at lines 3--4
[] 
 []

! Undefined control sequence.
l.6 \includegraphics
                    [height=0.15\textwidth]{Intro-Conclusion/liphy_quadri_ba...
The control sequence at the end of the top line
of your error message was never \def'ed. If you have
misspelled it (e.g., `\hobx'), type `I' and the correct
spelling (e.g., `I\hbox'). Otherwise just continue,
and I'll forget about whatever was undefined.


! LaTeX Error: Missing \begin{document}.

See the LaTeX manual or LaTeX Companion for explanation.
Type  H <return>  for immediate help.
 ...                                              
                                                  
l.6 \includegraphics[
                     height=0.15\textwidth]{Intro-Conclusion/liphy_quadri_ba...

You're in trouble here.  Try typing  <return>  to proceed.
If that doesn't work, type  X <return>  to quit.

Missing character: There is no [ in font nullfont!
Missing character: There is no h in font nullfont!
Missing character: There is no e in font nullfont!
Missing character: There is no i in font nullfont!
Missing character: There is no g in font nullfont!
Missing character: There is no h in font nullfont!
Missing character: There is no t in font nullfont!
Missing character: There is no = in font nullfont!
Missing character: There is no 0 in font nullfont!
Missing character: There is no . in font nullfont!
Missing character: There is no 1 in font nullfont!
Missing character: There is no 5 in font nullfont!
! Missing number, treated as zero.
<to be read again> 
                   ]
l.6 \includegraphics[height=0.15\textwidth]
                                           {Intro-Conclusion/liphy_quadri_ba...
A number should have been here; I inserted `0'.
(If you can't figure out why I needed to see a number,
look up `weird error' in the index to The TeXbook.)

! Illegal unit of measure (pt inserted).
<to be read again> 
                   ]
l.6 \includegraphics[height=0.15\textwidth]
                                           {Intro-Conclusion/liphy_quadri_ba...
Dimensions can be in units of em, ex, in, pt, pc,
cm, mm, dd, cc, nd, nc, bp, or sp; but yours is a new one!
I'll assume that you meant to say pt, for printer's points.
To recover gracefully from this error, it's best to
delete the erroneous units; e.g., type `2' to delete
two letters. (See Chapter 27 of The TeXbook.)

Missing character: There is no ] in font nullfont!
Missing character: There is no I in font nullfont!
Missing character: There is no n in font nullfont!
Missing character: There is no t in font nullfont!
Missing character: There is no r in font nullfont!
Missing character: There is no o in font nullfont!
Missing character: There is no - in font nullfont!
Missing character: There is no C in font nullfont!
Missing character: There is no o in font nullfont!
Missing character: There is no n in font nullfont!
Missing character: There is no c in font nullfont!
Missing character: There is no l in font nullfont!
Missing character: There is no u in font nullfont!
Missing character: There is no s in font nullfont!
Missing character: There is no i in font nullfont!
Missing character: There is no o in font nullfont!
Missing character: There is no n in font nullfont!
Missing character: There is no / in font nullfont!
Missing character: There is no l in font nullfont!
Missing character: There is no i in font nullfont!
Missing character: There is no p in font nullfont!
Missing character: There is no h in font nullfont!
Missing character: There is no y in font nullfont!
! Missing $ inserted.
<inserted text> 
                $
l.6 ...ght=0.15\textwidth]{Intro-Conclusion/liphy_
                                                  quadri_baseline.eps}
I've inserted a begin-math/end-math symbol since I think
you left one out. Proceed, with fingers crossed.

LaTeX Font Info:    External font `cmex10' loaded for size
(Font)              <7> on input line 6.
LaTeX Font Info:    External font `cmex10' loaded for size
(Font)              <5> on input line 6.
! Extra }, or forgotten $.
l.6 ...Intro-Conclusion/liphy_quadri_baseline.eps}
                                                  
I've deleted a group-closing symbol because it seems to be
spurious, as in `$x}$'. But perhaps the } is legitimate and
you forgot something else, as in `\hbox{$x}'. In such cases
the way to recover is to insert both the forgotten and the
deleted material, e.g., by typing `I$}'.

! Undefined control sequence.
l.8 \includegraphics
                    [height=0.15\textwidth]{Intro-Conclusion/CNRSlogo.eps}
The control sequence at the end of the top line
of your error message was never \def'ed. If you have
misspelled it (e.g., `\hobx'), type `I' and the correct
spelling (e.g., `I\hbox'). Otherwise just continue,
and I'll forget about whatever was undefined.

! Missing number, treated as zero.
<to be read again> 
                   ]
l.8 \includegraphics[height=0.15\textwidth]
                                           {Intro-Conclusion/CNRSlogo.eps}
A number should have been here; I inserted `0'.
(If you can't figure out why I needed to see a number,
look up `weird error' in the index to The TeXbook.)

! Illegal unit of measure (pt inserted).
<to be read again> 
                   ]
l.8 \includegraphics[height=0.15\textwidth]
                                           {Intro-Conclusion/CNRSlogo.eps}
Dimensions can be in units of em, ex, in, pt, pc,
cm, mm, dd, cc, nd, nc, bp, or sp; but yours is a new one!
I'll assume that you meant to say pt, for printer's points.
To recover gracefully from this error, it's best to
delete the erroneous units; e.g., type `2' to delete
two letters. (See Chapter 27 of The TeXbook.)

! Undefined control sequence.
l.9 \hfill\includegraphics
                          [height=0.15\textwidth]{Intro-Conclusion/universit...
The control sequence at the end of the top line
of your error message was never \def'ed. If you have
misspelled it (e.g., `\hobx'), type `I' and the correct
spelling (e.g., `I\hbox'). Otherwise just continue,
and I'll forget about whatever was undefined.

! Missing number, treated as zero.
<to be read again> 
                   ]
l.9 \hfill\includegraphics[height=0.15\textwidth]
                                                 {Intro-Conclusion/universit...
A number should have been here; I inserted `0'.
(If you can't figure out why I needed to see a number,
look up `weird error' in the index to The TeXbook.)

! Illegal unit of measure (pt inserted).
<to be read again> 
                   ]
l.9 \hfill\includegraphics[height=0.15\textwidth]
                                                 {Intro-Conclusion/universit...
Dimensions can be in units of em, ex, in, pt, pc,
cm, mm, dd, cc, nd, nc, bp, or sp; but yours is a new one!
I'll assume that you meant to say pt, for printer's points.
To recover gracefully from this error, it's best to
delete the erroneous units; e.g., type `2' to delete
two letters. (See Chapter 27 of The TeXbook.)

! Missing $ inserted.
<inserted text> 
                $
l.10 
     
I've inserted a begin-math/end-math symbol since I think
you left one out. Proceed, with fingers crossed.


Overfull \hbox (143.64703pt too wide) in paragraph at lines 6--10
[]$[]\OML/cmm/m/it/10 uadri[]aseline:eps \OT1/cmr/m/n/10 [\OML/cmm/m/it/10 heig
ht \OT1/cmr/m/n/10 =
 []


Overfull \hbox (221.35501pt too wide) in paragraph at lines 6--10
\OT1/cmr/m/n/10 0\OML/cmm/m/it/10 :\OT1/cmr/m/n/10 15][] [\OML/cmm/m/it/10 heig
ht \OT1/cmr/m/n/10 =
 []


Overfull \hbox (359.2073pt too wide) in paragraph at lines 6--10
\OT1/cmr/m/n/10 0\OML/cmm/m/it/10 :\OT1/cmr/m/n/10 15][]$ 
 []


! LaTeX Error: Missing \begin{document}.

See the LaTeX manual or LaTeX Companion for explanation.
Type  H <return>  for immediate help.
 ...                                              
                                                  
l.11 \begin{center}
                   
You're in trouble here.  Try typing  <return>  to proceed.
If that doesn't work, type  X <return>  to quit.


Overfull \hbox (20.0pt too wide) in paragraph at lines 11--11
[] 
 []

! Undefined control sequence.
l.13 \noindent \Large
                      \textbf{Notes de thèse} \\
The control sequence at the end of the top line
of your error message was never \def'ed. If you have
misspelled it (e.g., `\hobx'), type `I' and the correct
spelling (e.g., `I\hbox'). Otherwise just continue,
and I'll forget about whatever was undefined.


Overfull \hbox (29.029pt too wide) in paragraph at lines 13--13
 \OT1/cmr/bx/n/10 Notes 
 []


Overfull \hbox (11.65967pt too wide) in paragraph at lines 13--13
 \OT1/cmr/bx/n/10 de 
 []


Overfull \hbox (25.93875pt too wide) in paragraph at lines 13--13
 \OT1/cmr/bx/n/10 th^^Rese 
 []


! LaTeX Error: The font size command \normalsize is not defined:
               there is probably something wrong with the class file.

See the LaTeX manual or LaTeX Companion for explanation.
Type  H <return>  for immediate help.
 ...                                              
                                                  
l.14 \noindent \normalsize
                           Discipline : Physique\\
Your command was ignored.
Type  I <command> <return>  to replace it with another command,
or  <return>  to continue without it.

Missing character: There is no D in font nullfont!
Missing character: There is no i in font nullfont!
Missing character: There is no s in font nullfont!
Missing character: There is no c in font nullfont!
Missing character: There is no i in font nullfont!
Missing character: There is no p in font nullfont!
Missing character: There is no l in font nullfont!
Missing character: There is no i in font nullfont!
Missing character: There is no n in font nullfont!
Missing character: There is no e in font nullfont!
Missing character: There is no : in font nullfont!
Missing character: There is no P in font nullfont!
Missing character: There is no h in font nullfont!
Missing character: There is no y in font nullfont!
Missing character: There is no s in font nullfont!
Missing character: There is no i in font nullfont!
Missing character: There is no q in font nullfont!
Missing character: There is no u in font nullfont!
Missing character: There is no e in font nullfont!

! LaTeX Error: The font size command \normalsize is not defined:
               there is probably something wrong with the class file.

See the LaTeX manual or LaTeX Companion for explanation.
Type  H <return>  for immediate help.
 ...                                              
                                                  
l.16 \noindent \normalsize
                           \textbf{Laboratoire Interdisciplinaire de Physiqu...

Your command was ignored.
Type  I <command> <return>  to replace it with another command,
or  <return>  to continue without it.


Overfull \hbox (58.71495pt too wide) in paragraph at lines 16--16
 \OT1/cmr/bx/n/10 Laboratoire 
 []


Overfull \hbox (14.58325pt too wide) in paragraph at lines 16--16
 \OT1/cmr/bx/n/10 In- 
 []


Overfull \hbox (18.31242pt too wide) in paragraph at lines 16--16
 \OT1/cmr/bx/n/10 ter- 
 []


Overfull \hbox (17.95267pt too wide) in paragraph at lines 16--16
 \OT1/cmr/bx/n/10 dis- 
 []


Overfull \hbox (12.13882pt too wide) in paragraph at lines 16--16
 \OT1/cmr/bx/n/10 ci- 
 []


Overfull \hbox (37.95813pt too wide) in paragraph at lines 16--16
 \OT1/cmr/bx/n/10 plinaire 
 []


Overfull \hbox (11.65967pt too wide) in paragraph at lines 16--16
 \OT1/cmr/bx/n/10 de 
 []


Overfull \hbox (45.45947pt too wide) in paragraph at lines 16--16
 \OT1/cmr/bx/n/10 Physique 
 []


! LaTeX Error: The font size command \normalsize is not defined:
               there is probably something wrong with the class file.

See the LaTeX manual or LaTeX Companion for explanation.
Type  H <return>  for immediate help.
 ...                                              
                                                  
l.18 \noindent {\normalsize
                            \textbf{École Doctorale de Physique de Grenoble...

Your command was ignored.
Type  I <command> <return>  to replace it with another command,
or  <return>  to continue without it.


Overfull \hbox (26.8818pt too wide) in paragraph at lines 18--18
 []\OT1/cmr/bx/n/10 Ecole 
 []


Overfull \hbox (23.8332pt too wide) in paragraph at lines 18--18
 \OT1/cmr/bx/n/10 Doc- 
 []


Overfull \hbox (18.79158pt too wide) in paragraph at lines 18--18
 \OT1/cmr/bx/n/10 tor- 
 []


Overfull \hbox (14.05547pt too wide) in paragraph at lines 18--18
 \OT1/cmr/bx/n/10 ale 
 []


Overfull \hbox (11.65967pt too wide) in paragraph at lines 18--18
 \OT1/cmr/bx/n/10 de 
 []


Overfull \hbox (45.45947pt too wide) in paragraph at lines 18--18
 \OT1/cmr/bx/n/10 Physique 
 []


Overfull \hbox (11.65967pt too wide) in paragraph at lines 18--18
 \OT1/cmr/bx/n/10 de 
 []


Overfull \hbox (35.02066pt too wide) in paragraph at lines 18--18
 \OT1/cmr/bx/n/10 Greno- 
 []


Overfull \hbox (14.8541pt too wide) in paragraph at lines 18--18
 \OT1/cmr/bx/n/10 ble 
 []

! Undefined control sequence.
l.23 {\LARGE
             \textbf{Criticalité des transitions absorbantes en matière mo...
The control sequence at the end of the top line
of your error message was never \def'ed. If you have
misspelled it (e.g., `\hobx'), type `I' and the correct
spelling (e.g., `I\hbox'). Otherwise just continue,
and I'll forget about whatever was undefined.


Overfull \hbox (50.73584pt too wide) in paragraph at lines 23--25
 []\OT1/cmr/bx/n/10 Criticalit^^Se 
 []


Overfull \hbox (16.19574pt too wide) in paragraph at lines 23--25
 \OT1/cmr/bx/n/10 des 
 []


Overfull \hbox (25.02069pt too wide) in paragraph at lines 23--25
 \OT1/cmr/bx/n/10 tran- 
 []


Overfull \hbox (11.56381pt too wide) in paragraph at lines 23--25
 \OT1/cmr/bx/n/10 si- 
 []


Overfull \hbox (24.34152pt too wide) in paragraph at lines 23--25
 \OT1/cmr/bx/n/10 tions 
 []


Overfull \hbox (15.8124pt too wide) in paragraph at lines 23--25
 \OT1/cmr/bx/n/10 ab- 
 []


Overfull \hbox (47.34972pt too wide) in paragraph at lines 23--25
 \OT1/cmr/bx/n/10 sorbantes 
 []


Overfull \hbox (11.65967pt too wide) in paragraph at lines 23--25
 \OT1/cmr/bx/n/10 en 
 []


Overfull \hbox (38.11786pt too wide) in paragraph at lines 23--25
 \OT1/cmr/bx/n/10 mati^^Rere 
 []


Overfull \hbox (26.99292pt too wide) in paragraph at lines 23--25
 \OT1/cmr/bx/n/10 molle 
 []


Overfull \hbox (11.65967pt too wide) in paragraph at lines 23--25
 \OT1/cmr/bx/n/10 en 
 []


Overfull \hbox (42.9734pt too wide) in paragraph at lines 23--25
 \OT1/cmr/bx/n/10 pr^^Sesence 
 []


Overfull \hbox (68.36906pt too wide) in paragraph at lines 23--25
 \OT1/cmr/bx/n/10 d'interactions 
 []


Overfull \hbox (39.51508pt too wide) in paragraph at lines 23--25
 \OT1/cmr/bx/n/10 m^^Sedi^^Sees 
 []


Overfull \hbox (5.59023pt too wide) in paragraph at lines 23--25
 \OT1/cmr/bx/n/10 ^^Ra 
 []


Overfull \hbox (32.74289pt too wide) in paragraph at lines 23--25
 \OT1/cmr/bx/n/10 longue 
 []


Overfull \hbox (32.20819pt too wide) in paragraph at lines 23--25
 \OT1/cmr/bx/n/10 port^^See 
 []


! LaTeX Error: The font size command \normalsize is not defined:
               there is probably something wrong with the class file.

See the LaTeX manual or LaTeX Companion for explanation.
Type  H <return>  for immediate help.
 ...                                              
                                                  
l.27 \noindent \normalsize
                           Directeurs de Thèse : M. Eric \textsc{Bertin}, M...

Your command was ignored.
Type  I <command> <return>  to replace it with another command,
or  <return>  to continue without it.

Missing character: There is no D in font nullfont!
Missing character: There is no i in font nullfont!
Missing character: There is no r in font nullfont!
Missing character: There is no e in font nullfont!
Missing character: There is no c in font nullfont!
Missing character: There is no t in font nullfont!
Missing character: There is no e in font nullfont!
Missing character: There is no u in font nullfont!
Missing character: There is no r in font nullfont!
Missing character: There is no s in font nullfont!
Missing character: There is no d in font nullfont!
Missing character: There is no e in font nullfont!
Missing character: There is no T in font nullfont!
Missing character: There is no h in font nullfont!
LaTeX Font Info:    Trying to load font information for +cmr on input line 27.
LaTeX Font Info:    No file cmr.fd. on input line 27.

LaTeX Font Warning: Font shape `/cmr/m/n' undefined
(Font)              using `/cmr/m/n' instead on input line 27.

! Corrupted NFSS tables.
wrong@fontshape ...message {Corrupted NFSS tables}
                                                  error@fontshape else let f...
l.27 \noindent \normalsize Directeurs de Thè
                                             se : M. Eric \textsc{Bertin}, M...
This error message was generated by an \errmessage
command, so I can't give any explicit help.
Pretend that you're Hercule Poirot: Examine all clues,
and deduce the truth by order and method.


LaTeX Font Warning: Font shape `/cmr/m/n' undefined
(Font)              using `OT1/cmr/m/n' instead on input line 27.

Missing character: There is no s in font nullfont!
Missing character: There is no e in font nullfont!
Missing character: There is no : in font nullfont!
Missing character: There is no M in font nullfont!
Missing character: There is no . in font nullfont!
Missing character: There is no E in font nullfont!
Missing character: There is no r in font nullfont!
Missing character: There is no i in font nullfont!
Missing character: There is no c in font nullfont!
Missing character: There is no , in font nullfont!
Missing character: There is no M in font nullfont!
Missing character: There is no . in font nullfont!
Missing character: There is no R in font nullfont!
Missing character: There is no o in font nullfont!
Missing character: There is no m in font nullfont!
Missing character: There is no a in font nullfont!
Missing character: There is no i in font nullfont!
Missing character: There is no n in font nullfont!

Overfull \hbox (9.44446pt too wide) in paragraph at lines 27--29
   \/cmr/m/n/10 ^^Re 
 []


Overfull \hbox (33.7081pt too wide) in paragraph at lines 27--29
 \OT1/cmr/m/sc/10 Bertin 
 []


Overfull \hbox (25.0665pt too wide) in paragraph at lines 27--29
 \OT1/cmr/m/sc/10 Mari 
 []


! LaTeX Error: The font size command \normalsize is not defined:
               there is probably something wrong with the class file.

See the LaTeX manual or LaTeX Companion for explanation.
Type  H <return>  for immediate help.
 ...                                              
                                                  
l.32 \newpage
             
Your command was ignored.
Type  I <command> <return>  to replace it with another command,
or  <return>  to continue without it.

[1{/var/lib/texmf/fonts/map/pdftex/updmap/pdftex.map}])
! Emergency stop.
<*> page_de_garde.tex
                     
*** (job aborted, no legal \end found)

 
Here is how much of TeX's memory you used:
 40 strings out of 478287
 648 string characters out of 5849288
 293006 words of memory out of 5000000
 18332 multiletter control sequences out of 15000+600000
 469868 words of font info for 30 fonts, out of 8000000 for 9000
 1141 hyphenation exceptions out of 8191
 23i,5n,32p,191b,147s stack positions out of 5000i,500n,10000p,200000b,80000s
!  ==> Fatal error occurred, no output PDF file produced!
